Start testing: Jan 20 21:05 EST
----------------------------------------------------------
1/4 Testing: InvoiceTests
1/4 Test: InvoiceTests
Command: "/Users/jeremyobrien/Desktop/Code/invoice-tracker/build/tests/test_invoice"
Directory: /Users/jeremyobrien/Desktop/Code/invoice-tracker/build/tests
"InvoiceTests" start time: Jan 20 21:05 EST
Output:
----------------------------------------------------------
********* Start testing of InvoiceTests *********
Config: Using QtTest library 6.10.1, Qt 6.10.1 (x86_64-little_endian-lp64 shared (dynamic) release build; by Apple LLVM 16.0.0 (clang-1600.0.26.6)), macos 26.0.1
PASS   : InvoiceTests::initTestCase()
PASS   : InvoiceTests::testDefaultConstructor()
PASS   : InvoiceTests::testSettersAndGetters()
PASS   : InvoiceTests::cleanupTestCase()
Totals: 4 passed, 0 failed, 0 skipped, 0 blacklisted, 1ms
********* Finished testing of InvoiceTests *********
<end of output>
Test time =   0.65 sec
----------------------------------------------------------
Test Passed.
"InvoiceTests" end time: Jan 20 21:05 EST
"InvoiceTests" time elapsed: 00:00:00
----------------------------------------------------------

2/4 Testing: ExpenseTests
2/4 Test: ExpenseTests
Command: "/Users/jeremyobrien/Desktop/Code/invoice-tracker/build/tests/test_expense"
Directory: /Users/jeremyobrien/Desktop/Code/invoice-tracker/build/tests
"ExpenseTests" start time: Jan 20 21:05 EST
Output:
----------------------------------------------------------
********* Start testing of ExpenseTests *********
Config: Using QtTest library 6.10.1, Qt 6.10.1 (x86_64-little_endian-lp64 shared (dynamic) release build; by Apple LLVM 16.0.0 (clang-1600.0.26.6)), macos 26.0.1
PASS   : ExpenseTests::initTestCase()
PASS   : ExpenseTests::constructor_sets_values()
PASS   : ExpenseTests::testSettersAndGetters()
PASS   : ExpenseTests::cleanupTestCase()
Totals: 4 passed, 0 failed, 0 skipped, 0 blacklisted, 1ms
********* Finished testing of ExpenseTests *********
<end of output>
Test time =   0.51 sec
----------------------------------------------------------
Test Passed.
"ExpenseTests" end time: Jan 20 21:05 EST
"ExpenseTests" time elapsed: 00:00:00
----------------------------------------------------------

3/4 Testing: InvoiceTableModelTests
3/4 Test: InvoiceTableModelTests
Command: "/Users/jeremyobrien/Desktop/Code/invoice-tracker/build/tests/test_model_invoice"
Directory: /Users/jeremyobrien/Desktop/Code/invoice-tracker/build/tests
"InvoiceTableModelTests" start time: Jan 20 21:05 EST
Output:
----------------------------------------------------------
********* Start testing of InvoiceTableModelTests *********
Config: Using QtTest library 6.10.1, Qt 6.10.1 (x86_64-little_endian-lp64 shared (dynamic) release build; by Apple LLVM 16.0.0 (clang-1600.0.26.6)), macos 26.0.1
PASS   : InvoiceTableModelTests::initTestCase()
PASS   : InvoiceTableModelTests::rowCount_empty()
PASS   : InvoiceTableModelTests::cleanupTestCase()
Totals: 3 passed, 0 failed, 0 skipped, 0 blacklisted, 2ms
********* Finished testing of InvoiceTableModelTests *********
<end of output>
Test time =   0.50 sec
----------------------------------------------------------
Test Passed.
"InvoiceTableModelTests" end time: Jan 20 21:05 EST
"InvoiceTableModelTests" time elapsed: 00:00:00
----------------------------------------------------------

4/4 Testing: ExpenseTableModelTests
4/4 Test: ExpenseTableModelTests
Command: "/Users/jeremyobrien/Desktop/Code/invoice-tracker/build/tests/test_model_expense"
Directory: /Users/jeremyobrien/Desktop/Code/invoice-tracker/build/tests
"ExpenseTableModelTests" start time: Jan 20 21:05 EST
Output:
----------------------------------------------------------
********* Start testing of ExpenseTableModelTests *********
Config: Using QtTest library 6.10.1, Qt 6.10.1 (x86_64-little_endian-lp64 shared (dynamic) release build; by Apple LLVM 16.0.0 (clang-1600.0.26.6)), macos 26.0.1
PASS   : ExpenseTableModelTests::initTestCase()
PASS   : ExpenseTableModelTests::rowCount_empty()
PASS   : ExpenseTableModelTests::cleanupTestCase()
Totals: 3 passed, 0 failed, 0 skipped, 0 blacklisted, 1ms
********* Finished testing of ExpenseTableModelTests *********
<end of output>
Test time =   0.52 sec
----------------------------------------------------------
Test Passed.
"ExpenseTableModelTests" end time: Jan 20 21:05 EST
"ExpenseTableModelTests" time elapsed: 00:00:00
----------------------------------------------------------

End testing: Jan 20 21:05 EST
