Start testing: Jan 27 21:59 US Eastern Standard Time
----------------------------------------------------------
1/19 Testing: InvoiceTests
1/19 Test: InvoiceTests
Command: "C:/Users/jerem/source/repos/InvoiceApplication/build/tests/Debug/test_invoice.exe"
Directory: C:/Users/jerem/source/repos/InvoiceApplication/build/tests
"InvoiceTests" start time: Jan 27 21:59 US Eastern Standard Time
Output:
----------------------------------------------------------
********* Start testing of InvoiceTests *********
Config: Using QtTest library 6.7.3, Qt 6.7.3 (x86_64-little_endian-llp64 shared (dynamic) debug build; by MSVC 2022), windows 11
PASS   : InvoiceTests::initTestCase()
PASS   : InvoiceTests::testDefaultConstructor()
PASS   : InvoiceTests::testSettersAndGetters()
PASS   : InvoiceTests::cleanupTestCase()
Totals: 4 passed, 0 failed, 0 skipped, 0 blacklisted, 4ms
********* Finished testing of InvoiceTests *********
<end of output>
Test time =   0.50 sec
----------------------------------------------------------
Test Passed.
"InvoiceTests" end time: Jan 27 21:59 US Eastern Standard Time
"InvoiceTests" time elapsed: 00:00:00
----------------------------------------------------------

2/19 Testing: ExpenseTests
2/19 Test: ExpenseTests
Command: "C:/Users/jerem/source/repos/InvoiceApplication/build/tests/Debug/test_expense.exe"
Directory: C:/Users/jerem/source/repos/InvoiceApplication/build/tests
"ExpenseTests" start time: Jan 27 21:59 US Eastern Standard Time
Output:
----------------------------------------------------------
********* Start testing of ExpenseTests *********
Config: Using QtTest library 6.7.3, Qt 6.7.3 (x86_64-little_endian-llp64 shared (dynamic) debug build; by MSVC 2022), windows 11
PASS   : ExpenseTests::initTestCase()
PASS   : ExpenseTests::constructor_sets_values()
PASS   : ExpenseTests::testSettersAndGetters()
PASS   : ExpenseTests::cleanupTestCase()
Totals: 4 passed, 0 failed, 0 skipped, 0 blacklisted, 3ms
********* Finished testing of ExpenseTests *********
<end of output>
Test time =   0.37 sec
----------------------------------------------------------
Test Passed.
"ExpenseTests" end time: Jan 27 21:59 US Eastern Standard Time
"ExpenseTests" time elapsed: 00:00:00
----------------------------------------------------------

3/19 Testing: InvoiceTableModelTests
3/19 Test: InvoiceTableModelTests
Command: "C:/Users/jerem/source/repos/InvoiceApplication/build/tests/Debug/test_model_invoice.exe"
Directory: C:/Users/jerem/source/repos/InvoiceApplication/build/tests
"InvoiceTableModelTests" start time: Jan 27 21:59 US Eastern Standard Time
Output:
----------------------------------------------------------
********* Start testing of InvoiceTableModelTests *********
Config: Using QtTest library 6.7.3, Qt 6.7.3 (x86_64-little_endian-llp64 shared (dynamic) debug build; by MSVC 2022), windows 11
PASS   : InvoiceTableModelTests::initTestCase()
PASS   : InvoiceTableModelTests::rowCount_empty()
PASS   : InvoiceTableModelTests::cleanupTestCase()
Totals: 3 passed, 0 failed, 0 skipped, 0 blacklisted, 2ms
********* Finished testing of InvoiceTableModelTests *********
<end of output>
Test time =   0.33 sec
----------------------------------------------------------
Test Passed.
"InvoiceTableModelTests" end time: Jan 27 21:59 US Eastern Standard Time
"InvoiceTableModelTests" time elapsed: 00:00:00
----------------------------------------------------------

4/19 Testing: ExpenseTableModelTests
4/19 Test: ExpenseTableModelTests
Command: "C:/Users/jerem/source/repos/InvoiceApplication/build/tests/Debug/test_model_expense.exe"
Directory: C:/Users/jerem/source/repos/InvoiceApplication/build/tests
"ExpenseTableModelTests" start time: Jan 27 21:59 US Eastern Standard Time
Output:
----------------------------------------------------------
********* Start testing of ExpenseTableModelTests *********
Config: Using QtTest library 6.7.3, Qt 6.7.3 (x86_64-little_endian-llp64 shared (dynamic) debug build; by MSVC 2022), windows 11
PASS   : ExpenseTableModelTests::initTestCase()
PASS   : ExpenseTableModelTests::rowCount_empty()
PASS   : ExpenseTableModelTests::cleanupTestCase()
Totals: 3 passed, 0 failed, 0 skipped, 0 blacklisted, 3ms
********* Finished testing of ExpenseTableModelTests *********
<end of output>
Test time =   0.37 sec
----------------------------------------------------------
Test Passed.
"ExpenseTableModelTests" end time: Jan 27 21:59 US Eastern Standard Time
"ExpenseTableModelTests" time elapsed: 00:00:00
----------------------------------------------------------

5/19 Testing: ExpenseDialogTests
5/19 Test: ExpenseDialogTests
Command: "C:/Users/jerem/source/repos/InvoiceApplication/build/tests/Debug/test_expense_dialog.exe"
Directory: C:/Users/jerem/source/repos/InvoiceApplication/build/tests
"ExpenseDialogTests" start time: Jan 27 21:59 US Eastern Standard Time
Output:
----------------------------------------------------------
********* Start testing of ExpenseDialogTests *********
Config: Using QtTest library 6.7.3, Qt 6.7.3 (x86_64-little_endian-llp64 shared (dynamic) debug build; by MSVC 2022), windows 11
PASS   : ExpenseDialogTests::initTestCase()
PASS   : ExpenseDialogTests::default_constructor_initial_state()
PASS   : ExpenseDialogTests::constructor_with_expense_populates_fields()
PASS   : ExpenseDialogTests::getExpense_returns_expected_model()
PASS   : ExpenseDialogTests::cleanupTestCase()
Totals: 5 passed, 0 failed, 0 skipped, 0 blacklisted, 56ms
********* Finished testing of ExpenseDialogTests *********
<end of output>
Test time =   0.40 sec
----------------------------------------------------------
Test Passed.
"ExpenseDialogTests" end time: Jan 27 21:59 US Eastern Standard Time
"ExpenseDialogTests" time elapsed: 00:00:00
----------------------------------------------------------

6/19 Testing: InvoiceDialogTests
6/19 Test: InvoiceDialogTests
Command: "C:/Users/jerem/source/repos/InvoiceApplication/build/tests/Debug/test_invoice_dialog.exe"
Directory: C:/Users/jerem/source/repos/InvoiceApplication/build/tests
"InvoiceDialogTests" start time: Jan 27 21:59 US Eastern Standard Time
Output:
----------------------------------------------------------
********* Start testing of InvoiceDialogTests *********
Config: Using QtTest library 6.7.3, Qt 6.7.3 (x86_64-little_endian-llp64 shared (dynamic) debug build; by MSVC 2022), windows 11
PASS   : InvoiceDialogTests::initTestCase()
PASS   : InvoiceDialogTests::default_constructor_initial_state()
PASS   : InvoiceDialogTests::constructor_with_invoice_populates_fields()
PASS   : InvoiceDialogTests::getInvoice_returns_expected_model()
PASS   : InvoiceDialogTests::cleanupTestCase()
Totals: 5 passed, 0 failed, 0 skipped, 0 blacklisted, 59ms
********* Finished testing of InvoiceDialogTests *********
<end of output>
Test time =   0.42 sec
----------------------------------------------------------
Test Passed.
"InvoiceDialogTests" end time: Jan 27 21:59 US Eastern Standard Time
"InvoiceDialogTests" time elapsed: 00:00:00
----------------------------------------------------------

7/19 Testing: ExportServiceTests
7/19 Test: ExportServiceTests
Command: "C:/Users/jerem/source/repos/InvoiceApplication/build/tests/Debug/test_export_service.exe"
Directory: C:/Users/jerem/source/repos/InvoiceApplication/build/tests
"ExportServiceTests" start time: Jan 27 21:59 US Eastern Standard Time
Output:
----------------------------------------------------------
********* Start testing of ExportServiceTests *********
Config: Using QtTest library 6.7.3, Qt 6.7.3 (x86_64-little_endian-llp64 shared (dynamic) debug build; by MSVC 2022), windows 11
PASS   : ExportServiceTests::initTestCase()
PASS   : ExportServiceTests::creates_csv_exporter()
PASS   : ExportServiceTests::creates_json_exporter()
PASS   : ExportServiceTests::cleanupTestCase()
Totals: 4 passed, 0 failed, 0 skipped, 0 blacklisted, 3ms
********* Finished testing of ExportServiceTests *********
<end of output>
Test time =   0.35 sec
----------------------------------------------------------
Test Passed.
"ExportServiceTests" end time: Jan 27 21:59 US Eastern Standard Time
"ExportServiceTests" time elapsed: 00:00:00
----------------------------------------------------------

8/19 Testing: CsvExporterTests
8/19 Test: CsvExporterTests
Command: "C:/Users/jerem/source/repos/InvoiceApplication/build/tests/Debug/test_csv_exporter.exe"
Directory: C:/Users/jerem/source/repos/InvoiceApplication/build/tests
"CsvExporterTests" start time: Jan 27 21:59 US Eastern Standard Time
Output:
----------------------------------------------------------
********* Start testing of CsvExporterTests *********
Config: Using QtTest library 6.7.3, Qt 6.7.3 (x86_64-little_endian-llp64 shared (dynamic) debug build; by MSVC 2022), windows 11
PASS   : CsvExporterTests::initTestCase()
PASS   : CsvExporterTests::exports_file_successfully()
PASS   : CsvExporterTests::cleanupTestCase()
Totals: 3 passed, 0 failed, 0 skipped, 0 blacklisted, 9ms
********* Finished testing of CsvExporterTests *********
<end of output>
Test time =   0.33 sec
----------------------------------------------------------
Test Passed.
"CsvExporterTests" end time: Jan 27 21:59 US Eastern Standard Time
"CsvExporterTests" time elapsed: 00:00:00
----------------------------------------------------------

9/19 Testing: JsonExporterTests
9/19 Test: JsonExporterTests
Command: "C:/Users/jerem/source/repos/InvoiceApplication/build/tests/Debug/test_json_exporter.exe"
Directory: C:/Users/jerem/source/repos/InvoiceApplication/build/tests
"JsonExporterTests" start time: Jan 27 21:59 US Eastern Standard Time
Output:
----------------------------------------------------------
********* Start testing of JsonExporterTests *********
Config: Using QtTest library 6.7.3, Qt 6.7.3 (x86_64-little_endian-llp64 shared (dynamic) debug build; by MSVC 2022), windows 11
PASS   : JsonExporterTests::initTestCase()
PASS   : JsonExporterTests::exports_file_successfully()
PASS   : JsonExporterTests::cleanupTestCase()
Totals: 3 passed, 0 failed, 0 skipped, 0 blacklisted, 6ms
********* Finished testing of JsonExporterTests *********
<end of output>
Test time =   0.33 sec
----------------------------------------------------------
Test Passed.
"JsonExporterTests" end time: Jan 27 21:59 US Eastern Standard Time
"JsonExporterTests" time elapsed: 00:00:00
----------------------------------------------------------

10/19 Testing: CsvImporterTests
10/19 Test: CsvImporterTests
Command: "C:/Users/jerem/source/repos/InvoiceApplication/build/tests/Debug/test_csv_importer.exe"
Directory: C:/Users/jerem/source/repos/InvoiceApplication/build/tests
"CsvImporterTests" start time: Jan 27 21:59 US Eastern Standard Time
Output:
----------------------------------------------------------
********* Start testing of CsvImporterTests *********
Config: Using QtTest library 6.7.3, Qt 6.7.3 (x86_64-little_endian-llp64 shared (dynamic) debug build; by MSVC 2022), windows 11
PASS   : CsvImporterTests::initTestCase()
PASS   : CsvImporterTests::parse_valid_csv()
PASS   : CsvImporterTests::parse_invalid_csv_returns_nullopt()
PASS   : CsvImporterTests::cleanupTestCase()
Totals: 4 passed, 0 failed, 0 skipped, 0 blacklisted, 10ms
********* Finished testing of CsvImporterTests *********
<end of output>
Test time =   0.34 sec
----------------------------------------------------------
Test Passed.
"CsvImporterTests" end time: Jan 27 21:59 US Eastern Standard Time
"CsvImporterTests" time elapsed: 00:00:00
----------------------------------------------------------

11/19 Testing: ApplyImportTests
11/19 Test: ApplyImportTests
Command: "C:/Users/jerem/source/repos/InvoiceApplication/build/tests/Debug/test_apply_import.exe"
Directory: C:/Users/jerem/source/repos/InvoiceApplication/build/tests
"ApplyImportTests" start time: Jan 27 21:59 US Eastern Standard Time
Output:
----------------------------------------------------------
********* Start testing of ApplyImportTests *********
Config: Using QtTest library 6.7.3, Qt 6.7.3 (x86_64-little_endian-llp64 shared (dynamic) debug build; by MSVC 2022), windows 11
PASS   : ApplyImportTests::initTestCase()
PASS   : ApplyImportTests::cleanupTestCase()
Totals: 2 passed, 0 failed, 0 skipped, 0 blacklisted, 0ms
********* Finished testing of ApplyImportTests *********
<end of output>
Test time =   0.32 sec
----------------------------------------------------------
Test Passed.
"ApplyImportTests" end time: Jan 27 21:59 US Eastern Standard Time
"ApplyImportTests" time elapsed: 00:00:00
----------------------------------------------------------

12/19 Testing: JsonImporterTests
12/19 Test: JsonImporterTests
Command: "C:/Users/jerem/source/repos/InvoiceApplication/build/tests/Debug/test_json_importer.exe"
Directory: C:/Users/jerem/source/repos/InvoiceApplication/build/tests
"JsonImporterTests" start time: Jan 27 21:59 US Eastern Standard Time
Output:
----------------------------------------------------------
********* Start testing of JsonImporterTests *********
Config: Using QtTest library 6.7.3, Qt 6.7.3 (x86_64-little_endian-llp64 shared (dynamic) debug build; by MSVC 2022), windows 11
PASS   : JsonImporterTests::initTestCase()
PASS   : JsonImporterTests::parse_empty_json()
PASS   : JsonImporterTests::parse_invalid_json_returns_nullopt()
PASS   : JsonImporterTests::cleanupTestCase()
Totals: 4 passed, 0 failed, 0 skipped, 0 blacklisted, 4ms
********* Finished testing of JsonImporterTests *********
<end of output>
Test time =   0.35 sec
----------------------------------------------------------
Test Passed.
"JsonImporterTests" end time: Jan 27 21:59 US Eastern Standard Time
"JsonImporterTests" time elapsed: 00:00:00
----------------------------------------------------------

13/19 Testing: CreateItemTests
13/19 Test: CreateItemTests
Command: "C:/Users/jerem/source/repos/InvoiceApplication/build/tests/Debug/test_create_item.exe"
Directory: C:/Users/jerem/source/repos/InvoiceApplication/build/tests
"CreateItemTests" start time: Jan 27 21:59 US Eastern Standard Time
Output:
----------------------------------------------------------
********* Start testing of CreateItemTests *********
Config: Using QtTest library 6.7.3, Qt 6.7.3 (x86_64-little_endian-llp64 shared (dynamic) debug build; by MSVC 2022), windows 11
PASS   : CreateItemTests::initTestCase()
PASS   : CreateItemTests::adds_item_on_accept()
PASS   : CreateItemTests::cleanupTestCase()
Totals: 3 passed, 0 failed, 0 skipped, 0 blacklisted, 3ms
********* Finished testing of CreateItemTests *********
<end of output>
Test time =   0.34 sec
----------------------------------------------------------
Test Passed.
"CreateItemTests" end time: Jan 27 21:59 US Eastern Standard Time
"CreateItemTests" time elapsed: 00:00:00
----------------------------------------------------------

14/19 Testing: DeleteSelectedTests
14/19 Test: DeleteSelectedTests
Command: "C:/Users/jerem/source/repos/InvoiceApplication/build/tests/Debug/test_delete_selected.exe"
Directory: C:/Users/jerem/source/repos/InvoiceApplication/build/tests
"DeleteSelectedTests" start time: Jan 27 21:59 US Eastern Standard Time
Output:
----------------------------------------------------------
********* Start testing of DeleteSelectedTests *********
Config: Using QtTest library 6.7.3, Qt 6.7.3 (x86_64-little_endian-llp64 shared (dynamic) debug build; by MSVC 2022), windows 11
PASS   : DeleteSelectedTests::initTestCase()
PASS   : DeleteSelectedTests::no_selection_does_nothing()
PASS   : DeleteSelectedTests::cleanupTestCase()
Totals: 3 passed, 0 failed, 0 skipped, 0 blacklisted, 29ms
********* Finished testing of DeleteSelectedTests *********
<end of output>
Test time =   0.41 sec
----------------------------------------------------------
Test Passed.
"DeleteSelectedTests" end time: Jan 27 21:59 US Eastern Standard Time
"DeleteSelectedTests" time elapsed: 00:00:00
----------------------------------------------------------

15/19 Testing: EditSelectedRowTests
15/19 Test: EditSelectedRowTests
Command: "C:/Users/jerem/source/repos/InvoiceApplication/build/tests/Debug/test_edit_utils.exe"
Directory: C:/Users/jerem/source/repos/InvoiceApplication/build/tests
"EditSelectedRowTests" start time: Jan 27 21:59 US Eastern Standard Time
Output:
----------------------------------------------------------
********* Start testing of EditSelectedRowTests *********
Config: Using QtTest library 6.7.3, Qt 6.7.3 (x86_64-little_endian-llp64 shared (dynamic) debug build; by MSVC 2022), windows 11
PASS   : EditSelectedRowTests::initTestCase()
PASS   : EditSelectedRowTests::no_selection_does_nothing()
PASS   : EditSelectedRowTests::dialog_rejected_does_not_update()
PASS   : EditSelectedRowTests::dialog_accepted_updates_row()
PASS   : EditSelectedRowTests::cleanupTestCase()
Totals: 5 passed, 0 failed, 0 skipped, 0 blacklisted, 59ms
********* Finished testing of EditSelectedRowTests *********
<end of output>
Test time =   0.43 sec
----------------------------------------------------------
Test Passed.
"EditSelectedRowTests" end time: Jan 27 21:59 US Eastern Standard Time
"EditSelectedRowTests" time elapsed: 00:00:00
----------------------------------------------------------

16/19 Testing: GenericSearchProxyTests
16/19 Test: GenericSearchProxyTests
Command: "C:/Users/jerem/source/repos/InvoiceApplication/build/tests/Debug/test_generic_search_proxy.exe"
Directory: C:/Users/jerem/source/repos/InvoiceApplication/build/tests
"GenericSearchProxyTests" start time: Jan 27 21:59 US Eastern Standard Time
Output:
----------------------------------------------------------
********* Start testing of GenericSearchProxyTests *********
Config: Using QtTest library 6.7.3, Qt 6.7.3 (x86_64-little_endian-llp64 shared (dynamic) debug build; by MSVC 2022), windows 11
PASS   : GenericSearchProxyTests::initTestCase()
PASS   : GenericSearchProxyTests::default_configuration()
PASS   : GenericSearchProxyTests::cleanupTestCase()
Totals: 3 passed, 0 failed, 0 skipped, 0 blacklisted, 3ms
********* Finished testing of GenericSearchProxyTests *********
<end of output>
Test time =   0.32 sec
----------------------------------------------------------
Test Passed.
"GenericSearchProxyTests" end time: Jan 27 21:59 US Eastern Standard Time
"GenericSearchProxyTests" time elapsed: 00:00:00
----------------------------------------------------------

17/19 Testing: PaidDelegateTests
17/19 Test: PaidDelegateTests
Command: "C:/Users/jerem/source/repos/InvoiceApplication/build/tests/Debug/test_paid_delegate.exe"
Directory: C:/Users/jerem/source/repos/InvoiceApplication/build/tests
"PaidDelegateTests" start time: Jan 27 21:59 US Eastern Standard Time
Output:
----------------------------------------------------------
********* Start testing of PaidDelegateTests *********
Config: Using QtTest library 6.7.3, Qt 6.7.3 (x86_64-little_endian-llp64 shared (dynamic) debug build; by MSVC 2022), windows 11
PASS   : PaidDelegateTests::initTestCase()
PASS   : PaidDelegateTests::paint_does_not_crash()
PASS   : PaidDelegateTests::cleanupTestCase()
Totals: 3 passed, 0 failed, 0 skipped, 0 blacklisted, 3ms
********* Finished testing of PaidDelegateTests *********
<end of output>
Test time =   0.33 sec
----------------------------------------------------------
Test Passed.
"PaidDelegateTests" end time: Jan 27 21:59 US Eastern Standard Time
"PaidDelegateTests" time elapsed: 00:00:00
----------------------------------------------------------

18/19 Testing: ReadSelectedTests
18/19 Test: ReadSelectedTests
Command: "C:/Users/jerem/source/repos/InvoiceApplication/build/tests/Debug/test_read_selected.exe"
Directory: C:/Users/jerem/source/repos/InvoiceApplication/build/tests
"ReadSelectedTests" start time: Jan 27 21:59 US Eastern Standard Time
Output:
----------------------------------------------------------
********* Start testing of ReadSelectedTests *********
Config: Using QtTest library 6.7.3, Qt 6.7.3 (x86_64-little_endian-llp64 shared (dynamic) debug build; by MSVC 2022), windows 11
PASS   : ReadSelectedTests::initTestCase()
PASS   : ReadSelectedTests::no_selection_returns_nullopt()
PASS   : ReadSelectedTests::cleanupTestCase()
Totals: 3 passed, 0 failed, 0 skipped, 0 blacklisted, 30ms
********* Finished testing of ReadSelectedTests *********
<end of output>
Test time =   0.36 sec
----------------------------------------------------------
Test Passed.
"ReadSelectedTests" end time: Jan 27 21:59 US Eastern Standard Time
"ReadSelectedTests" time elapsed: 00:00:00
----------------------------------------------------------

19/19 Testing: BindSearchTests
19/19 Test: BindSearchTests
Command: "C:/Users/jerem/source/repos/InvoiceApplication/build/tests/Debug/test_bind_search.exe"
Directory: C:/Users/jerem/source/repos/InvoiceApplication/build/tests
"BindSearchTests" start time: Jan 27 21:59 US Eastern Standard Time
Output:
----------------------------------------------------------
********* Start testing of BindSearchTests *********
Config: Using QtTest library 6.7.3, Qt 6.7.3 (x86_64-little_endian-llp64 shared (dynamic) debug build; by MSVC 2022), windows 11
PASS   : BindSearchTests::initTestCase()
PASS   : BindSearchTests::proxy_is_configured()
PASS   : BindSearchTests::cleanupTestCase()
Totals: 3 passed, 0 failed, 0 skipped, 0 blacklisted, 63ms
********* Finished testing of BindSearchTests *********
<end of output>
Test time =   0.39 sec
----------------------------------------------------------
Test Passed.
"BindSearchTests" end time: Jan 27 21:59 US Eastern Standard Time
"BindSearchTests" time elapsed: 00:00:00
----------------------------------------------------------

End testing: Jan 27 21:59 US Eastern Standard Time
